{
  "RSpec": {
    "coverage": {
      "/Users/stringiest/Projects/week_10/bank_tech_test/spec/account_spec.rb": {
        "lines": [
          null,
          null,
          1,
          null,
          1,
          1,
          1,
          1,
          null,
          null,
          1,
          1,
          null,
          null,
          null,
          1,
          1,
          1,
          null,
          null,
          1,
          1,
          1,
          null,
          null,
          null,
          null,
          null,
          null,
          null,
          null,
          1,
          1,
          1,
          null,
          null,
          1,
          1,
          4,
          null,
          null,
          1,
          1,
          1,
          1,
          null,
          null,
          null,
          null,
          null,
          null,
          null,
          null,
          null,
          null,
          null,
          null,
          null
        ]
      },
      "/Users/stringiest/Projects/week_10/bank_tech_test/lib/account.rb": {
        "lines": [
          null,
          null,
          1,
          1,
          1,
          null,
          1,
          10,
          10,
          null,
          null,
          1,
          7,
          7,
          7,
          null,
          null,
          null,
          null,
          null,
          null,
          null,
          1,
          4,
          4,
          4,
          null,
          null,
          null,
          null,
          null,
          null,
          null
        ]
      },
      "/Users/stringiest/Projects/week_10/bank_tech_test/spec/print_spec.rb": {
        "lines": [
          null,
          null,
          1,
          null,
          1,
          1,
          1,
          1,
          null,
          null,
          null,
          1,
          1,
          1,
          null,
          null,
          1,
          1,
          1,
          1,
          null,
          null,
          1,
          1,
          1,
          1,
          1,
          null,
          null,
          1,
          1,
          1,
          1,
          1,
          1,
          null,
          null,
          null
        ]
      },
      "/Users/stringiest/Projects/week_10/bank_tech_test/lib/print.rb": {
        "lines": [
          null,
          null,
          1,
          1,
          5,
          null,
          null,
          1,
          2,
          2,
          2,
          2,
          null,
          null,
          1,
          3,
          null,
          null,
          1,
          3,
          3,
          6,
          6,
          null,
          3,
          null,
          null,
          1,
          null,
          1,
          6,
          18,
          12,
          null,
          6,
          null,
          null,
          null,
          null
        ]
      }
    },
    "timestamp": 1610472940
  }
}
